SF:lib/src/generator/generator.dart
DA:7,1
DA:8,1
DA:9,3
DA:10,3
DA:11,3
DA:12,3
DA:13,3
DA:14,3
DA:15,1
DA:17,1
LF:10
LH:10
end_of_record
SF:lib/src/flavor_config/flavor_config.dart
DA:23,1
DA:24,1
DA:28,1
DA:42,1
DA:48,3
DA:54,3
DA:60,3
DA:65,1
LF:8
LH:8
end_of_record
SF:lib/src/blocs/src/locale_bloc.dart
DA:18,2
DA:21,2
DA:23,1
DA:25,1
DA:26,1
DA:29,1
DA:31,2
LF:7
LH:7
end_of_record
SF:lib/src/blocs/src/theme_mode_bloc.dart
DA:18,2
DA:21,2
DA:23,1
DA:25,1
DA:26,1
DA:28,1
DA:35,1
DA:37,2
LF:8
LH:8
end_of_record
SF:lib/src/extensions/src/boolean_extensions.dart
DA:4,1
DA:10,1
LF:2
LH:2
end_of_record
SF:lib/src/extensions/src/date_time_extensions.dart
DA:6,1
DA:9,3
DA:10,3
DA:11,3
DA:12,1
LF:5
LH:5
end_of_record
SF:lib/src/extensions/src/list_extensions.dart
DA:6,1
DA:8,1
DA:13,2
DA:21,1
DA:24,4
DA:25,1
DA:26,1
LF:7
LH:7
end_of_record
SF:lib/src/extensions/src/string_extensions.dart
DA:7,1
DA:11,1
DA:17,2
DA:20,1
DA:23,1
DA:25,2
DA:32,3
DA:35,3
DA:38,3
DA:41,3
DA:44,3
DA:47,3
DA:50,3
DA:53,3
DA:56,3
DA:59,3
LF:16
LH:16
end_of_record
